<?xml version="1.0" encoding="UTF-8"?>
<!-- Generated by org.testng.reporters.JUnitReportReporter -->
<testsuite skipped="6" hostname="DESKTOP-ACFHNHV" name="com.nopcommerce.users.Level_08_Login" tests="6" failures="0" timestamp="03 Dec 2020 11:20:13 GMT" time="0.000" errors="0">
  <testcase name="TC_05_Log_In_Success" time="0.000" classname="com.nopcommerce.users.Level_08_Login">
    <skipped/>
  </testcase> <!-- TC_05_Log_In_Success -->
  <testcase name="TC_03_Log_In_Email_Not_Register" time="0.000" classname="com.nopcommerce.users.Level_08_Login">
    <skipped/>
  </testcase> <!-- TC_03_Log_In_Email_Not_Register -->
  <testcase name="TC_04_Log_In_Wrong_Pass" time="0.000" classname="com.nopcommerce.users.Level_08_Login">
    <skipped/>
  </testcase> <!-- TC_04_Log_In_Wrong_Pass -->
  <testcase name="TC_02_Log_In_Invalid_Email" time="0.000" classname="com.nopcommerce.users.Level_08_Login">
    <skipped/>
  </testcase> <!-- TC_02_Log_In_Invalid_Email -->
  <testcase name="TC_01_Log_In_Empty_Data" time="0.000" classname="com.nopcommerce.users.Level_08_Login">
    <skipped/>
  </testcase> <!-- TC_01_Log_In_Empty_Data -->
  <testcase name="TC_03_Log_In_Pass_Empty" time="0.000" classname="com.nopcommerce.users.Level_08_Login">
    <skipped/>
  </testcase> <!-- TC_03_Log_In_Pass_Empty -->
</testsuite> <!-- com.nopcommerce.users.Level_08_Login -->
