<?xml version="1.0" encoding="UTF-8"?>
<!-- Generated by org.testng.reporters.JUnitReportReporter -->
<testsuite skipped="4" hostname="DESKTOP-ACFHNHV" name="com.nopcommerce.common.Common_01_Register" tests="5" failures="0" timestamp="03 Dec 2020 11:20:13 GMT" time="0.020" errors="1">
  <testcase name="TC_04_Register_Success" time="0.000" classname="com.nopcommerce.common.Common_01_Register">
    <skipped/>
  </testcase> <!-- TC_04_Register_Success -->
  <testcase name="TC_01_Register_Empty_Data" time="0.000" classname="com.nopcommerce.common.Common_01_Register">
    <skipped/>
  </testcase> <!-- TC_01_Register_Empty_Data -->
  <testcase name="TC_02_Register_Wrong_Email" time="0.000" classname="com.nopcommerce.common.Common_01_Register">
    <skipped/>
  </testcase> <!-- TC_02_Register_Wrong_Email -->
  <testcase name="TC_03_Register_Pass_At_Least_6" time="0.000" classname="com.nopcommerce.common.Common_01_Register">
    <skipped/>
  </testcase> <!-- TC_03_Register_Pass_At_Least_6 -->
  <testcase name="beforeClass" time="0.020" classname="com.nopcommerce.common.Common_01_Register">
    <error type="java.lang.Error" message="Unresolved compilation problem: 
	The method getBrowserDriver(String) in the type AbstractTest is not applicable for the arguments (String, String)
">
      <![CDATA[java.lang.Error: Unresolved compilation problem: 
The method getBrowserDriver(String) in the type AbstractTest is not applicable for the arguments (String, String)

at com.nopcommerce.common.Common_01_Register.beforeClass(Common_01_Register.java:48)
at sun.reflect.NativeMethodAccessorImpl.invoke0(Native Method)
at sun.reflect.NativeMethodAccessorImpl.invoke(NativeMethodAccessorImpl.java:62)
at sun.reflect.DelegatingMethodAccessorImpl.invoke(DelegatingMethodAccessorImpl.java:43)
at java.lang.reflect.Method.invoke(Method.java:498)
at org.testng.internal.MethodInvocationHelper.invokeMethod(MethodInvocationHelper.java:124)
at org.testng.internal.MethodInvocationHelper.invokeMethodConsideringTimeout(MethodInvocationHelper.java:59)
at org.testng.internal.Invoker.invokeConfigurationMethod(Invoker.java:458)
at org.testng.internal.Invoker.invokeConfigurations(Invoker.java:222)
at org.testng.internal.Invoker.invokeConfigurations(Invoker.java:142)
at org.testng.TestRunner.beforeRun(TestRunner.java:529)
at org.testng.TestRunner.run(TestRunner.java:497)
at org.testng.SuiteRunner.runTest(SuiteRunner.java:455)
at org.testng.SuiteRunner.access$000(SuiteRunner.java:40)
at org.testng.SuiteRunner$SuiteWorker.run(SuiteRunner.java:489)
at org.testng.internal.thread.ThreadUtil$1.call(ThreadUtil.java:52)
at java.util.concurrent.FutureTask.run(FutureTask.java:266)
at java.util.concurrent.ThreadPoolExecutor.runWorker(ThreadPoolExecutor.java:1149)
at java.util.concurrent.ThreadPoolExecutor$Worker.run(ThreadPoolExecutor.java:624)
at java.lang.Thread.run(Thread.java:748)
]]>
    </error>
  </testcase> <!-- beforeClass -->
</testsuite> <!-- com.nopcommerce.common.Common_01_Register -->
