<?xml version="1.0" encoding="UTF-8"?>
<!-- Generated by org.testng.reporters.JUnitReportReporter -->
<testsuite skipped="0" hostname="DESKTOP-ACFHNHV" name="com.nopcommerce.users.Level_08_Login" tests="6" failures="0" timestamp="14 Jan 2021 03:09:03 GMT" time="13.661" errors="0">
  <testcase name="TC_03_Log_In_Email_Not_Register" time="1.755" classname="com.nopcommerce.users.Level_08_Login"/>
  <testcase name="TC_05_Log_In_Success" time="6.109" classname="com.nopcommerce.users.Level_08_Login"/>
  <testcase name="TC_02_Log_In_Invalid_Email" time="0.871" classname="com.nopcommerce.users.Level_08_Login"/>
  <testcase name="TC_01_Log_In_Empty_Data" time="1.832" classname="com.nopcommerce.users.Level_08_Login"/>
  <testcase name="TC_04_Log_In_Wrong_Pass" time="1.163" classname="com.nopcommerce.users.Level_08_Login"/>
  <testcase name="TC_03_Log_In_Pass_Empty" time="1.931" classname="com.nopcommerce.users.Level_08_Login"/>
</testsuite> <!-- com.nopcommerce.users.Level_08_Login -->
