<?xml version="1.0" encoding="UTF-8"?>
<!-- Generated by org.testng.reporters.JUnitReportReporter -->
<testsuite skipped="0" hostname="DESKTOP-ACFHNHV" name="com.nopcommerce.common.Common_01_Register" tests="4" failures="0" timestamp="14 Jan 2021 03:09:03 GMT" time="13.632" errors="0">
  <testcase name="TC_03_Register_Pass_At_Least_6" time="0.980" classname="com.nopcommerce.common.Common_01_Register"/>
  <testcase name="TC_04_Register_Success" time="6.456" classname="com.nopcommerce.common.Common_01_Register"/>
  <testcase name="TC_02_Register_Wrong_Email" time="2.734" classname="com.nopcommerce.common.Common_01_Register"/>
  <testcase name="TC_01_Register_Empty_Data" time="3.462" classname="com.nopcommerce.common.Common_01_Register"/>
</testsuite> <!-- com.nopcommerce.common.Common_01_Register -->
