<?xml version="1.0" encoding="UTF-8"?>
<!-- Generated by org.testng.reporters.JUnitReportReporter -->
<testsuite skipped="0" hostname="DESKTOP-ACFHNHV" name="com.nopcommerce.users.Level_08_Login" tests="6" failures="0" timestamp="11 Dec 2020 08:22:18 GMT" time="13.541" errors="0">
  <testcase name="TC_05_Log_In_Success" time="5.598" classname="com.nopcommerce.users.Level_08_Login"/>
  <testcase name="TC_01_Log_In_Empty_Data" time="2.738" classname="com.nopcommerce.users.Level_08_Login"/>
  <testcase name="TC_02_Log_In_Invalid_Email" time="0.876" classname="com.nopcommerce.users.Level_08_Login"/>
  <testcase name="TC_03_Log_In_Email_Not_Register" time="1.880" classname="com.nopcommerce.users.Level_08_Login"/>
  <testcase name="TC_04_Log_In_Wrong_Pass" time="1.168" classname="com.nopcommerce.users.Level_08_Login"/>
  <testcase name="TC_03_Log_In_Pass_Empty" time="1.281" classname="com.nopcommerce.users.Level_08_Login"/>
</testsuite> <!-- com.nopcommerce.users.Level_08_Login -->
