<?xml version="1.0" encoding="UTF-8"?>
<!-- Generated by org.testng.reporters.JUnitReportReporter -->
<testsuite skipped="0" hostname="DESKTOP-ACFHNHV" name="com.nopcommerce.common.Common_01_Register" tests="4" failures="0" timestamp="11 Dec 2020 08:22:18 GMT" time="12.942" errors="0">
  <testcase name="TC_02_Register_Wrong_Email" time="2.790" classname="com.nopcommerce.common.Common_01_Register"/>
  <testcase name="TC_04_Register_Success" time="6.059" classname="com.nopcommerce.common.Common_01_Register"/>
  <testcase name="TC_01_Register_Empty_Data" time="3.118" classname="com.nopcommerce.common.Common_01_Register"/>
  <testcase name="TC_03_Register_Pass_At_Least_6" time="0.975" classname="com.nopcommerce.common.Common_01_Register"/>
</testsuite> <!-- com.nopcommerce.common.Common_01_Register -->
